max wall time = 8640000
/home/elizabeth/Tomas/Tesis/baseTuning_S1/SolveVRP.params
1 parameters in total
0 parameters are conditional.
0 parameter combinations are forbidden.
num_params = 1, num_combos=3
seed: 2468
Run 2
Level 
========================================================
Starting ILS for level 1, i.e. a limit of N=2000, and cutoff time=1000000000.0.
Current CPU time = 0, this run goes until 100000000.0 
========================================================
New Incumbent: 0, 100000000 [0, 0]. With state -ps=10
getAlgoResultsForInstsAndParams.
  Trial 1 for calling: bash SolveVRP.sh solomon/C101.txt "" 1000000000.0000001 2147483647 1974203791 --ps 10 > /tmp/tmp-2023-09-2709:26:39-0.4153881072998047
Executing cmd: bash SolveVRP.sh solomon/C101.txt "" 1000000000.0000001 2147483647 1974203791 --ps 10 > /tmp/tmp-2023-09-2709:26:39-0.4153881072998047
Caught exception when executing target algorithm: No result in result file of bash SolveVRP.sh solomon/C101.txt "" 1000000000.0000001 2147483647 1974203791 --ps 10 > /tmp/tmp-2023-09-2709:26:39-0.4153881072998047:
/tmp/tmp-2023-09-2709:26:39-0.4153881072998047. Counting the target algorithm run as CRASHED with runtime 1000000000.0100001 and solution quality 1e100.
1/1000, 1000000000.0000001/100000000.0
 Same incumbent, new precision:
New Incumbent: 1000000000.0000001, 2147483647.001 [1, 1000000000.0]. With state -ps=10
ParamILS has reached the specified CPU time limit of 100000000.0 seconds => stopping the search now.
   BLS in iteration 1, start with -ps=10 (2147483647.001 [based on 1 runs with cutoff 1000000000.0])
ParamILS has reached the specified CPU time limit of 100000000.0 seconds => stopping the search now.
          
============= Performing 0 bonus runs of state: -ps=10 (2147483647.001 [based on 1 runs with cutoff 1000000000.0]) ============ 

          -> After 0 bonus runs for LM: -ps=10 (2147483647.001 [based on 1 runs with cutoff 1000000000.0])

   LM for iteration 1: -ps=10 (2147483647.001 [based on 1 runs with cutoff 1000000000.0])

========== DETAILED RESULTS (iteration 1): ==========
[["CRASHED", 1000000000.0100001, 2147483647, 1.0e+100, 1974203791]]
solomon/C101.txt: 2147483647.001		[based on 1 runs]
================================================

==================================================================
Best parameter configuration found so far (end of iteration 1): -ps=10
==================================================================
Training quality of this incumbent parameter configuration: 2147483647.001, based on 1 runs with cutoff 1000000000.0
==================================================================

Comparing LM against incumbent:
-ps=10 (2147483647.001 [based on 1 runs with cutoff 1000000000.0])
-ps=10 (2147483647.001 [based on 1 runs with cutoff 1000000000.0])
LM better, change incumbent
New Incumbent: 1000000000.0000001, 2147483647.001 [1, 1000000000.0]. With state -ps=10
ParamILS has reached the specified CPU time limit of 100000000.0 seconds => stopping the search now.
Final solution for depth 1 with limit N=2000, and cutoff time=1000000000.0.
New Incumbent: 1000000000.0000001, 2147483647.001 [1, 1000000000.0]. With state -ps=10

==================================================================
ParamILS is finished.
==================================================================

Final best parameter configuration found: -ps=10
==================================================================
Active parameters: -ps=10

==================================================================
Training quality of this final best found parameter configuration: 2147483647.001, based on 1 runs with cutoff 1000000000.0
==================================================================


==================================================================
Computing validation result on independent data -- 0 runs with cutoff time 1000000000.0...
==================================================================
Combined result: 1000000000000000000

================================================================
Final best parameter configuration: -ps=10
==================================================================
Active parameters: -ps=10

================================================================
Training quality of this final best found parameter configuration: 2147483647.001, based on 1 runs with cutoff 1000000000.0
Test quality of this final best found parameter configuration: 1000000000000000000, based on 0 independent runs with cutoff 1000000000.0
==================================================================
